{
  "0 debug pnpm:scope": {
    "selected": 1
  },
  "1 info pnpm": {
    "err": {
      "name": "Error",
      "message": "not found: intall",
      "code": "ENOENT",
      "stack": "Error: not found: intall\n    at getNotFoundError (/Users/linkiko/.config/yarn/global/node_modules/pnpm/dist/pnpm.cjs:47672:51)\n    at Function.whichSync [as sync] (/Users/linkiko/.config/yarn/global/node_modules/pnpm/dist/pnpm.cjs:47749:13)\n    at getCommandAbsolutePathSync (/Users/linkiko/.config/yarn/global/node_modules/pnpm/dist/pnpm.cjs:49485:44)\n    at Object.default_1 [as default] (/Users/linkiko/.config/yarn/global/node_modules/pnpm/dist/pnpm.cjs:49494:32)\n    at /Users/linkiko/.config/yarn/global/node_modules/pnpm/dist/pnpm.cjs:129705:34"
    }
  },
  "2 error pnpm": {
    "code": "ERR_PNPM_RECURSIVE_EXEC_FIRST_FAIL",
    "prefix": "/Users/linkiko/Work/rosa/web",
    "err": {
      "name": "pnpm",
      "message": "not found: intall",
      "code": "ERR_PNPM_RECURSIVE_EXEC_FIRST_FAIL",
      "stack": "Error: not found: intall\n    at getNotFoundError (/Users/linkiko/.config/yarn/global/node_modules/pnpm/dist/pnpm.cjs:47672:51)\n    at Function.whichSync [as sync] (/Users/linkiko/.config/yarn/global/node_modules/pnpm/dist/pnpm.cjs:47749:13)\n    at getCommandAbsolutePathSync (/Users/linkiko/.config/yarn/global/node_modules/pnpm/dist/pnpm.cjs:49485:44)\n    at Object.default_1 [as default] (/Users/linkiko/.config/yarn/global/node_modules/pnpm/dist/pnpm.cjs:49494:32)\n    at /Users/linkiko/.config/yarn/global/node_modules/pnpm/dist/pnpm.cjs:129705:34"
    }
  }
}